<!--
  ~ JBoss, Home of Professional Open Source
  ~  Copyright ${year}, Red Hat, Inc., and individual contributors
  ~  by the @authors tag. See the copyright.txt in the distribution for a
  ~  full listing of individual contributors.
  ~
  ~  Licensed under the Apache License, Version 2.0 (the "License");
  ~  you may not use this file except in compliance with the License.
  ~  You may obtain a copy of the License at
  ~  http://www.apache.org/licenses/LICENSE-2.0
  ~  Unless required by applicable law or agreed to in writing, software
  ~  distributed under the License is distributed on an "AS IS" BASIS,
  ~  WITHOUT WARRANTIES OR CONDITIONS OF ANY KIND, either express or implied.
  ~  See the License for the specific language governing permissions and
  ~  limitations under the License.
  -->

<subsystem xmlns="urn:org.wildfly.monoplane:storage:1.0">
    <cluster name="My Cluster"
             seed-provider-class-name="org.apache.cassandra.locator.SimpleSeedProvider"
             seed-provider-seeds="127.0.0.1"
             listen-address="127.0.0.1"
             broadcast-address="230.0.0.4"
             start-rpc="true"
             start-native-transport="true"
             data-file-directories="data_dir"/>
</subsystem>